<?xml version="1.0" encoding="UTF-8"?>
<Site BuildName="(empty)"
	BuildStamp="20251024-2042-Experimental"
	Name="(empty)"
	Generator="ctest-4.1.0-rc1"
	CompilerName=""
	CompilerVersion=""
	OSName="Windows"
	Hostname="DESKTOP-LCKQH36"
	OSRelease=" Personal"
	OSVersion=" (Build 19045)"
	OSPlatform="AMD64"
	Is64Bits="1"
	VendorString="AuthenticAMD"
	VendorID="Advanced Micro Devices"
	FamilyID="15"
	ModelID="2"
	ModelName="AMD FX(tm)-8350 Eight-Core Processor"
	ProcessorCacheSize="80"
	NumberOfLogicalCPU="8"
	NumberOfPhysicalCPU="4"
	TotalVirtualMemory="32761"
	TotalPhysicalMemory="24532"
	LogicalProcessorsPerPhysical="2"
	ProcessorClockFrequency="4000"
	>
	<Testing>
		<StartDateTime>Oct 24 15:42 Central Daylight Time</StartDateTime>
		<StartTestTime>1761338553</StartTestTime>
		<TestList/>
		<EndDateTime>Oct 24 15:42 Central Daylight Time</EndDateTime>
		<EndTestTime>1761338553</EndTestTime>
		<ElapsedMinutes>0</ElapsedMinutes>
	</Testing>
</Site>
